0 info it worked if it ends with ok
1 verbose cli [ '/Users/lauraturk/.nvm/versions/node/v6.9.4/bin/node',
1 verbose cli   '/Users/lauraturk/.nvm/versions/node/v6.9.4/bin/npm',
1 verbose cli   'run',
1 verbose cli   'deploy' ]
2 info using npm@3.10.10
3 info using node@v6.9.4
4 verbose run-script [ 'predeploy', 'deploy', 'postdeploy' ]
5 info lifecycle react-starter-kit@1.0.0~predeploy: react-starter-kit@1.0.0
6 verbose lifecycle react-starter-kit@1.0.0~predeploy: unsafe-perm in lifecycle true
7 verbose lifecycle react-starter-kit@1.0.0~predeploy: PATH: /Users/lauraturk/.nvm/versions/node/v6.9.4/lib/node_modules/npm/bin/node-gyp-bin:/Users/lauraturk/Turing/mod2/weathrly/node_modules/.bin:/Users/lauraturk/.nvm/versions/node/v6.9.4/bin:/usr/local/bin:/usr/local/bin:/usr/bin:/bin:/usr/sbin:/sbin
8 verbose lifecycle react-starter-kit@1.0.0~predeploy: CWD: /Users/lauraturk/Turing/mod2/weathrly
9 silly lifecycle react-starter-kit@1.0.0~predeploy: Args: [ '-c', 'npm run build' ]
10 silly lifecycle react-starter-kit@1.0.0~predeploy: Returned: code: 0  signal: null
11 info lifecycle react-starter-kit@1.0.0~deploy: react-starter-kit@1.0.0
12 verbose lifecycle react-starter-kit@1.0.0~deploy: unsafe-perm in lifecycle true
13 verbose lifecycle react-starter-kit@1.0.0~deploy: PATH: /Users/lauraturk/.nvm/versions/node/v6.9.4/lib/node_modules/npm/bin/node-gyp-bin:/Users/lauraturk/Turing/mod2/weathrly/node_modules/.bin:/Users/lauraturk/.nvm/versions/node/v6.9.4/bin:/usr/local/bin:/usr/local/bin:/usr/bin:/bin:/usr/sbin:/sbin
14 verbose lifecycle react-starter-kit@1.0.0~deploy: CWD: /Users/lauraturk/Turing/mod2/weathrly
15 silly lifecycle react-starter-kit@1.0.0~deploy: Args: [ '-c', 'gh-pages -d build' ]
16 silly lifecycle react-starter-kit@1.0.0~deploy: Returned: code: 1  signal: null
17 info lifecycle react-starter-kit@1.0.0~deploy: Failed to exec deploy script
18 verbose stack Error: react-starter-kit@1.0.0 deploy: `gh-pages -d build`
18 verbose stack Exit status 1
18 verbose stack     at EventEmitter.<anonymous> (/Users/lauraturk/.nvm/versions/node/v6.9.4/lib/node_modules/npm/lib/utils/lifecycle.js:255:16)
18 verbose stack     at emitTwo (events.js:106:13)
18 verbose stack     at EventEmitter.emit (events.js:191:7)
18 verbose stack     at ChildProcess.<anonymous> (/Users/lauraturk/.nvm/versions/node/v6.9.4/lib/node_modules/npm/lib/utils/spawn.js:40:14)
18 verbose stack     at emitTwo (events.js:106:13)
18 verbose stack     at ChildProcess.emit (events.js:191:7)
18 verbose stack     at maybeClose (internal/child_process.js:877:16)
18 verbose stack     at Process.ChildProcess._handle.onexit (internal/child_process.js:226:5)
19 verbose pkgid react-starter-kit@1.0.0
20 verbose cwd /Users/lauraturk/Turing/mod2/weathrly
21 error Darwin 16.5.0
22 error argv "/Users/lauraturk/.nvm/versions/node/v6.9.4/bin/node" "/Users/lauraturk/.nvm/versions/node/v6.9.4/bin/npm" "run" "deploy"
23 error node v6.9.4
24 error npm  v3.10.10
25 error code ELIFECYCLE
26 error react-starter-kit@1.0.0 deploy: `gh-pages -d build`
26 error Exit status 1
27 error Failed at the react-starter-kit@1.0.0 deploy script 'gh-pages -d build'.
27 error Make sure you have the latest version of node.js and npm installed.
27 error If you do, this is most likely a problem with the react-starter-kit package,
27 error not with npm itself.
27 error Tell the author that this fails on your system:
27 error     gh-pages -d build
27 error You can get information on how to open an issue for this project with:
27 error     npm bugs react-starter-kit
27 error Or if that isn't available, you can get their info via:
27 error     npm owner ls react-starter-kit
27 error There is likely additional logging output above.
28 verbose exit [ 1, true ]
